2019/02/07 13:42:45 	*** shapes retained fewer than 10 occurrences, skipping filter for Equus asinus
2019/02/07 13:43:07 	**** no shape for species Equus caballus
2019/02/07 13:43:20 	*** shapes retained fewer than 10 occurrences, skipping filter for Equus hemionus
2019/02/07 13:44:27 	*** shapes retained fewer than 10 occurrences, skipping filter for Sus cebifrons
2019/02/07 13:44:29 	*** shapes retained fewer than 10 occurrences, skipping filter for Sus philippensis
2019/02/07 13:47:24 	*** shapes retained fewer than 10 occurrences, skipping filter for Phacochoerus aethiopicus
2019/02/07 13:50:17 	*** shapes retained fewer than 10 occurrences, skipping filter for Camelus dromedarius
2019/02/07 13:50:39 	*** shapes retained fewer than 10 occurrences, skipping filter for Tragulus javanicus
2019/02/07 13:54:51 	**** no shape for species Alces americanus
2019/02/07 13:58:59 	*** shapes retained fewer than 10 occurrences, skipping filter for Hippocamelus antisensis
2019/02/07 13:59:01 	*** shapes retained fewer than 10 occurrences, skipping filter for Hippocamelus bisulcus
2019/02/07 13:59:51 	*** shapes retained fewer than 10 occurrences, skipping filter for Mazama rufina
2019/02/07 14:04:05 	*** shapes retained fewer than 10 occurrences, skipping filter for Ozotoceros bezoarticus
2019/02/07 14:10:16 	*** shapes retained fewer than 10 occurrences, skipping filter for Muntiacus reevesi
2019/02/07 14:10:22 	*** shapes retained fewer than 10 occurrences, skipping filter for Rucervus duvaucelii
2019/02/07 14:10:25 	*** shapes retained fewer than 10 occurrences, skipping filter for Rusa timorensis
2019/02/07 14:11:16 	**** no shape for species Alcelaphus caama
2019/02/07 14:11:50 	**** no shape for species Damaliscus korrigum
2019/02/07 14:12:48 	*** shapes retained fewer than 10 occurrences, skipping filter for Madoqua saltiana
2019/02/07 14:13:11 	*** shapes retained fewer than 10 occurrences, skipping filter for Neotragus moschatus
2019/02/07 14:14:52 	**** no shape for species Bison bonasus
2019/02/07 14:14:57 	*** shapes retained fewer than 10 occurrences, skipping filter for Bos grunniens
2019/02/07 14:15:01 	**** no shape for species Bos taurus
2019/02/07 14:15:13 	*** shapes retained fewer than 10 occurrences, skipping filter for Bubalus bubalis
2019/02/07 14:15:32 	**** no shape for species Taurotragus oryx
2019/02/07 14:18:17 	*** shapes retained fewer than 10 occurrences, skipping filter for Ammotragus lervia
2019/02/07 14:18:21 	*** shapes retained fewer than 10 occurrences, skipping filter for Budorcas taxicolor
2019/02/07 14:18:24 	*** shapes retained fewer than 10 occurrences, skipping filter for Capra hircus
2019/02/07 14:18:37 	*** shapes retained fewer than 10 occurrences, skipping filter for Capra ibex
2019/02/07 14:18:52 	*** shapes retained fewer than 10 occurrences, skipping filter for Hemitragus jemlahicus
2019/02/07 14:19:07 	*** shapes retained fewer than 10 occurrences, skipping filter for Ovis ammon
2019/02/07 14:19:11 	*** shapes retained fewer than 10 occurrences, skipping filter for Ovis aries
2019/02/07 14:21:00 	*** shapes retained fewer than 10 occurrences, skipping filter for Oryx leucoryx
